<?xml version="1.0" encoding="UTF-8"?>
<!-- Generated by org.testng.reporters.JUnitReportReporter -->
<testsuite skipped="0" hostname="DESKTOP-TL9ALR0" name="com.qa.tests.FacebookLoginTest" tests="2" failures="0" timestamp="09 Apr 2021 15:22:33 GMT" time="68.695" errors="0">
  <testcase name="UploadPhoto" time="36.599" classname="com.qa.tests.FacebookLoginTest"/>
  <testcase name="postMessage" time="32.096" classname="com.qa.tests.FacebookLoginTest"/>
</testsuite> <!-- com.qa.tests.FacebookLoginTest -->
